2022-03-15 18:01:00,797 INFO o.a.j.u.JMeterUtils: Setting Locale to en_EN
2022-03-15 18:01:00,839 INFO o.a.j.JMeter: Loading user properties from: C:\apache-jmeter-5.4.3\bin\user.properties
2022-03-15 18:01:00,840 INFO o.a.j.JMeter: Loading system properties from: C:\apache-jmeter-5.4.3\bin\system.properties
2022-03-15 18:01:00,852 INFO o.a.j.JMeter: Copyright (c) 1998-2021 The Apache Software Foundation
2022-03-15 18:01:00,852 INFO o.a.j.JMeter: Version 5.4.3
2022-03-15 18:01:00,852 INFO o.a.j.JMeter: java.version=11.0.10
2022-03-15 18:01:00,852 INFO o.a.j.JMeter: java.vm.name=OpenJDK 64-Bit Server VM
2022-03-15 18:01:00,852 INFO o.a.j.JMeter: os.name=Windows 10
2022-03-15 18:01:00,852 INFO o.a.j.JMeter: os.arch=amd64
2022-03-15 18:01:00,852 INFO o.a.j.JMeter: os.version=10.0
2022-03-15 18:01:00,852 INFO o.a.j.JMeter: file.encoding=Cp1252
2022-03-15 18:01:00,852 INFO o.a.j.JMeter: java.awt.headless=true
2022-03-15 18:01:00,852 INFO o.a.j.JMeter: Max memory     =1073741824
2022-03-15 18:01:00,853 INFO o.a.j.JMeter: Available Processors =2
2022-03-15 18:01:00,867 INFO o.a.j.JMeter: Default Locale=English (EN)
2022-03-15 18:01:00,868 INFO o.a.j.JMeter: JMeter  Locale=English (EN)
2022-03-15 18:01:00,868 INFO o.a.j.JMeter: JMeterHome=C:\apache-jmeter-5.4.3
2022-03-15 18:01:00,868 INFO o.a.j.JMeter: user.dir  =F:\SQA\performance_testing_by_Jmeter\performance_testing\reqres_in
2022-03-15 18:01:00,869 INFO o.a.j.JMeter: PWD       =F:\SQA\performance_testing_by_Jmeter\performance_testing\reqres_in
2022-03-15 18:01:00,870 INFO o.a.j.JMeter: IP: 192.168.0.109 Name: DESKTOP-7FD4UDR FullName: DESKTOP-7FD4UDR
2022-03-15 18:01:00,877 INFO o.a.j.JMeter: Setting property 'jmeter.reportgenerator.outputdir' to:'F:\SQA\performance_testing_by_Jmeter\performance_testing\reqres_in\reports\reqres_30.html'
2022-03-15 18:01:00,903 INFO o.a.j.r.d.ReportGenerator: ReportGenerator will use for Parsing the separator: ','
2022-03-15 18:01:00,904 INFO o.a.j.r.d.ReportGenerator: Will only generate report from results file: reports\reqres_30.jtl
2022-03-15 18:01:00,904 INFO o.a.j.r.d.ReportGenerator: Reading report generator properties from: C:\apache-jmeter-5.4.3\bin\reportgenerator.properties
2022-03-15 18:01:01,242 INFO o.a.j.r.d.ReportGenerator: Merging with JMeter properties
2022-03-15 18:01:01,269 INFO o.a.j.r.c.ReportGeneratorConfiguration: Property 'jmeter.reportgenerator.temp_dir' not found, using default value 'temp' instead.
2022-03-15 18:01:01,283 INFO o.a.j.r.c.ReportGeneratorConfiguration: Property 'jmeter.reportgenerator.apdex_per_transaction' not found, using default value 'null' instead.
2022-03-15 18:01:01,292 INFO o.a.j.r.c.ReportGeneratorConfiguration: apdex_per_transaction is empty, not APDEX per transaction customization
2022-03-15 18:01:01,293 INFO o.a.j.r.c.ReportGeneratorConfiguration: Property 'jmeter.reportgenerator.sample_filter' not found, using default value 'null' instead.
2022-03-15 18:01:01,293 INFO o.a.j.r.c.ReportGeneratorConfiguration: Property 'jmeter.reportgenerator.report_title' not found, using default value 'null' instead.
2022-03-15 18:01:01,294 INFO o.a.j.r.c.ReportGeneratorConfiguration: Property 'jmeter.reportgenerator.start_date' not found, using default value 'null' instead.
2022-03-15 18:01:01,294 INFO o.a.j.r.c.ReportGeneratorConfiguration: Property 'jmeter.reportgenerator.end_date' not found, using default value 'null' instead.
2022-03-15 18:01:01,294 INFO o.a.j.r.c.ReportGeneratorConfiguration: Property 'jmeter.reportgenerator.date_format' not found, using default value 'null' instead.
2022-03-15 18:01:01,295 INFO o.a.j.r.c.ReportGeneratorConfiguration: Will use date range start date: null, end date: null
2022-03-15 18:01:01,319 INFO o.a.j.r.c.ReportGeneratorConfiguration: Property 'jmeter.reportgenerator.graph.totalTPS.exclude_controllers' not found, using default value 'false' instead.
2022-03-15 18:01:01,321 INFO o.a.j.r.c.ReportGeneratorConfiguration: Property 'jmeter.reportgenerator.graph.activeThreadsOverTime.exclude_controllers' not found, using default value 'false' instead.
2022-03-15 18:01:01,321 INFO o.a.j.r.c.ReportGeneratorConfiguration: Property 'jmeter.reportgenerator.graph.timeVsThreads.exclude_controllers' not found, using default value 'false' instead.
2022-03-15 18:01:01,321 INFO o.a.j.r.c.ReportGeneratorConfiguration: Property 'jmeter.reportgenerator.graph.responseTimeDistribution.exclude_controllers' not found, using default value 'false' instead.
2022-03-15 18:01:01,322 INFO o.a.j.r.c.ReportGeneratorConfiguration: Property 'jmeter.reportgenerator.graph.transactionsPerSecond.exclude_controllers' not found, using default value 'false' instead.
2022-03-15 18:01:01,322 INFO o.a.j.r.c.ReportGeneratorConfiguration: Property 'jmeter.reportgenerator.graph.responseTimePercentiles.exclude_controllers' not found, using default value 'false' instead.
2022-03-15 18:01:01,322 INFO o.a.j.r.c.ReportGeneratorConfiguration: Property 'jmeter.reportgenerator.graph.responseTimePercentilesOverTime.exclude_controllers' not found, using default value 'false' instead.
2022-03-15 18:01:01,323 INFO o.a.j.r.c.ReportGeneratorConfiguration: Property 'jmeter.reportgenerator.graph.responseTimesOverTime.exclude_controllers' not found, using default value 'false' instead.
2022-03-15 18:01:01,323 INFO o.a.j.r.c.ReportGeneratorConfiguration: Property 'jmeter.reportgenerator.graph.connectTimeOverTime.exclude_controllers' not found, using default value 'false' instead.
2022-03-15 18:01:01,323 INFO o.a.j.r.c.ReportGeneratorConfiguration: Property 'jmeter.reportgenerator.graph.latenciesOverTime.exclude_controllers' not found, using default value 'false' instead.
2022-03-15 18:01:01,324 INFO o.a.j.r.c.ReportGeneratorConfiguration: Property 'jmeter.reportgenerator.exporter.json.filters_only_sample_series' not found, using default value 'true' instead.
2022-03-15 18:01:01,325 INFO o.a.j.r.c.ReportGeneratorConfiguration: Property 'jmeter.reportgenerator.exporter.json.series_filter' not found, using default value '' instead.
2022-03-15 18:01:01,325 INFO o.a.j.r.c.ReportGeneratorConfiguration: Property 'jmeter.reportgenerator.exporter.json.show_controllers_only' not found, using default value 'false' instead.
2022-03-15 18:01:01,325 INFO o.a.j.r.c.ReportGeneratorConfiguration: Property 'jmeter.reportgenerator.exporter.html.filters_only_sample_series' not found, using default value 'true' instead.
2022-03-15 18:01:01,325 INFO o.a.j.r.c.ReportGeneratorConfiguration: Property 'jmeter.reportgenerator.exporter.html.series_filter' not found, using default value '' instead.
2022-03-15 18:01:01,326 INFO o.a.j.r.c.ReportGeneratorConfiguration: Property 'jmeter.reportgenerator.exporter.html.show_controllers_only' not found, using default value 'false' instead.
2022-03-15 18:01:01,788 INFO o.a.j.s.SaveService: Testplan (JMX) version: 2.2. Testlog (JTL) version: 2.2
2022-03-15 18:01:01,841 INFO o.a.j.s.SaveService: Using SaveService properties version 5.0
2022-03-15 18:01:01,846 INFO o.a.j.s.SaveService: Using SaveService properties file encoding UTF-8
2022-03-15 18:01:01,920 INFO o.a.j.r.p.NormalizerSampleConsumer: Using format, 'ms', to parse timeStamp field
2022-03-15 18:01:02,306 INFO o.a.j.r.p.AbstractSampleConsumer: class org.apache.jmeter.report.processor.AggregateConsumer#stopProducing(): beginDate produced 0 samples
2022-03-15 18:01:02,306 INFO o.a.j.r.p.AbstractSampleConsumer: class org.apache.jmeter.report.processor.AggregateConsumer#stopProducing(): endDate produced 0 samples
2022-03-15 18:01:02,309 INFO o.a.j.r.p.AbstractSampleConsumer: class org.apache.jmeter.report.processor.ApdexSummaryConsumer#stopProducing(): apdexSummary produced 0 samples
2022-03-15 18:01:02,309 INFO o.a.j.r.p.AbstractSampleConsumer: class org.apache.jmeter.report.processor.RequestsSummaryConsumer#stopProducing(): requestsSummary produced 0 samples
2022-03-15 18:01:02,334 INFO o.a.j.r.p.AbstractSampleConsumer: class org.apache.jmeter.report.processor.StatisticsSummaryConsumer#stopProducing(): statisticsSummary produced 0 samples
2022-03-15 18:01:02,352 INFO o.a.j.r.p.AbstractSampleConsumer: class org.apache.jmeter.report.processor.Top5ErrorsBySamplerConsumer#stopProducing(): top5ErrorsBySampler produced 0 samples
2022-03-15 18:01:02,352 INFO o.a.j.r.p.AbstractSampleConsumer: class org.apache.jmeter.report.processor.ErrorsSummaryConsumer#stopProducing(): errorsSummary produced 0 samples
2022-03-15 18:01:02,352 INFO o.a.j.r.p.AbstractSampleConsumer: class org.apache.jmeter.report.processor.graph.impl.HitsPerSecondGraphConsumer#stopProducing(): hitsPerSecond produced 0 samples
2022-03-15 18:01:02,424 INFO o.a.j.r.p.AbstractSampleConsumer: class org.apache.jmeter.report.processor.graph.impl.LatencyVSRequestGraphConsumer#stopProducing(): latencyVsRequest produced 0 samples
2022-03-15 18:01:02,424 INFO o.a.j.r.p.AbstractSampleConsumer: class org.apache.jmeter.report.processor.graph.impl.SyntheticResponseTimeDistributionGraphConsumer#stopProducing(): syntheticResponseTimeDistribution produced 0 samples
2022-03-15 18:01:02,425 INFO o.a.j.r.p.AbstractSampleConsumer: class org.apache.jmeter.report.processor.graph.impl.BytesThroughputGraphConsumer#stopProducing(): bytesThroughputOverTime produced 0 samples
2022-03-15 18:01:02,425 INFO o.a.j.r.p.AbstractSampleConsumer: class org.apache.jmeter.report.processor.graph.impl.CodesPerSecondGraphConsumer#stopProducing(): codesPerSecond produced 0 samples
2022-03-15 18:01:02,451 INFO o.a.j.r.p.AbstractSampleConsumer: class org.apache.jmeter.report.processor.graph.impl.ResponseTimeVSRequestGraphConsumer#stopProducing(): responseTimeVsRequest produced 0 samples
2022-03-15 18:01:02,452 INFO o.a.j.r.p.AbstractSampleConsumer: class org.apache.jmeter.report.processor.FilterConsumer#stopProducing(): startIntervalControlerFilter produced 630 samples
2022-03-15 18:01:02,452 INFO o.a.j.r.p.AbstractSampleConsumer: class org.apache.jmeter.report.processor.graph.impl.TotalTPSGraphConsumer#stopProducing(): totalTPS produced 0 samples
2022-03-15 18:01:02,452 INFO o.a.j.r.p.AbstractSampleConsumer: class org.apache.jmeter.report.processor.graph.impl.ActiveThreadsGraphConsumer#stopProducing(): activeThreadsOverTime produced 0 samples
2022-03-15 18:01:02,452 INFO o.a.j.r.p.AbstractSampleConsumer: class org.apache.jmeter.report.processor.graph.impl.TimeVSThreadGraphConsumer#stopProducing(): timeVsThreads produced 0 samples
2022-03-15 18:01:02,453 INFO o.a.j.r.p.AbstractSampleConsumer: class org.apache.jmeter.report.processor.graph.impl.ResponseTimeDistributionGraphConsumer#stopProducing(): responseTimeDistribution produced 0 samples
2022-03-15 18:01:02,454 INFO o.a.j.r.p.AbstractSampleConsumer: class org.apache.jmeter.report.processor.graph.impl.TransactionsPerSecondGraphConsumer#stopProducing(): transactionsPerSecond produced 0 samples
2022-03-15 18:01:02,454 INFO o.a.j.r.p.AbstractSampleConsumer: class org.apache.jmeter.report.processor.graph.impl.ResponseTimePercentilesGraphConsumer#stopProducing(): responseTimePercentiles produced 0 samples
2022-03-15 18:01:02,459 INFO o.a.j.r.p.AbstractSampleConsumer: class org.apache.jmeter.report.processor.graph.impl.ResponseTimePercentilesOverTimeGraphConsumer#stopProducing(): responseTimePercentilesOverTime produced 0 samples
2022-03-15 18:01:02,459 INFO o.a.j.r.p.AbstractSampleConsumer: class org.apache.jmeter.report.processor.graph.impl.ResponseTimeOverTimeGraphConsumer#stopProducing(): responseTimesOverTime produced 0 samples
2022-03-15 18:01:02,460 INFO o.a.j.r.p.AbstractSampleConsumer: class org.apache.jmeter.report.processor.graph.impl.ConnectTimeOverTimeGraphConsumer#stopProducing(): connectTimeOverTime produced 0 samples
2022-03-15 18:01:02,460 INFO o.a.j.r.p.AbstractSampleConsumer: class org.apache.jmeter.report.processor.graph.impl.LatencyOverTimeGraphConsumer#stopProducing(): latenciesOverTime produced 0 samples
2022-03-15 18:01:02,460 INFO o.a.j.r.p.AbstractSampleConsumer: class org.apache.jmeter.report.processor.FilterConsumer#stopProducing(): nameFilter produced 1350 samples
2022-03-15 18:01:02,460 INFO o.a.j.r.p.AbstractSampleConsumer: class org.apache.jmeter.report.processor.FilterConsumer#stopProducing(): dateRangeFilter produced 270 samples
2022-03-15 18:01:02,460 INFO o.a.j.r.p.AbstractSampleConsumer: class org.apache.jmeter.report.processor.NormalizerSampleConsumer#stopProducing(): normalizer produced 90 samples
2022-03-15 18:01:02,462 INFO o.a.j.r.p.CsvFileSampleSource: produce(): 90 samples produced in 475ms on channel 0
2022-03-15 18:01:02,462 INFO o.a.j.r.d.ReportGenerator: Exporting data using exporter:'json' of className:'org.apache.jmeter.report.dashboard.JsonExporter'
2022-03-15 18:01:02,743 INFO o.a.j.r.d.JsonExporter: Found data for consumer statisticsSummary in context
2022-03-15 18:01:02,743 INFO o.a.j.r.d.JsonExporter: Creating statistics for overall
2022-03-15 18:01:02,744 INFO o.a.j.r.d.JsonExporter: Creating statistics for other transactions
2022-03-15 18:01:02,745 INFO o.a.j.r.d.JsonExporter: Checking output folder
2022-03-15 18:01:02,746 INFO o.a.j.r.d.JsonExporter: Writing statistics JSON to F:\SQA\performance_testing_by_Jmeter\performance_testing\reqres_in\reports\reqres_30.html\statistics.json
2022-03-15 18:01:02,830 INFO o.a.j.r.d.ReportGenerator: Exporting data using exporter:'html' of className:'org.apache.jmeter.report.dashboard.HtmlTemplateExporter'
2022-03-15 18:01:02,834 INFO o.a.j.r.d.HtmlTemplateExporter: Will generate dashboard in folder: F:\SQA\performance_testing_by_Jmeter\performance_testing\reqres_in\reports\reqres_30.html
2022-03-15 18:01:03,241 INFO o.a.j.r.d.HtmlTemplateExporter: Report will be generated in: F:\SQA\performance_testing_by_Jmeter\performance_testing\reqres_in\reports\reqres_30.html, creating folder structure
2022-03-15 18:01:03,260 INFO o.a.j.r.d.TemplateVisitor: Copying folder from 'C:\apache-jmeter-5.4.3\bin\report-template' to 'F:\SQA\performance_testing_by_Jmeter\performance_testing\reqres_in\reports\reqres_30.html', got message: F:\SQA\performance_testing_by_Jmeter\performance_testing\reqres_in\reports\reqres_30.html, found non empty folder with following content [F:\SQA\performance_testing_by_Jmeter\performance_testing\reqres_in\reports\reqres_30.html\statistics.json], will be ignored
